执行日期：2015-06-20 01:05:15
【接收到的notify通知】:
<xml><appid><![CDATA[wx9e6dee4ec4a83c16]]></appid>
<attach><![CDATA[http://game.wkj.idea0086.com/pay_updateApi.html?v=v4.1&status=2&oid=182201506200031112&hdid=182&repay=1]]></attach>
<bank_type><![CDATA[CFT]]></bank_type>
<cash_fee><![CDATA[1]]></cash_fee>
<fee_type><![CDATA[CNY]]></fee_type>
<is_subscribe><![CDATA[Y]]></is_subscribe>
<mch_id><![CDATA[1227354202]]></mch_id>
<nonce_str><![CDATA[rela4p7ag9395ofmmivy6bswadtc63av]]></nonce_str>
<openid><![CDATA[o357TsppnYTZfWdNzsTefZ7fp0jo]]></openid>
<out_trade_no><![CDATA[182201506200031112rp57]]></out_trade_no>
<result_code><![CDATA[SUCCESS]]></result_code>
<return_code><![CDATA[SUCCESS]]></return_code>
<sign><![CDATA[A44CE14184154DDEB1B7446DAF84D977]]></sign>
<time_end><![CDATA[20150620010515]]></time_end>
<total_fee>1</total_fee>
<trade_type><![CDATA[JSAPI]]></trade_type>
<transaction_id><![CDATA[1009590892201506200274747271]]></transaction_id>
</xml>


执行日期：2015-06-20 01:05:15
【支付成功】:
<xml><appid><![CDATA[wx9e6dee4ec4a83c16]]></appid>
<attach><![CDATA[http://game.wkj.idea0086.com/pay_updateApi.html?v=v4.1&status=2&oid=182201506200031112&hdid=182&repay=1]]></attach>
<bank_type><![CDATA[CFT]]></bank_type>
<cash_fee><![CDATA[1]]></cash_fee>
<fee_type><![CDATA[CNY]]></fee_type>
<is_subscribe><![CDATA[Y]]></is_subscribe>
<mch_id><![CDATA[1227354202]]></mch_id>
<nonce_str><![CDATA[rela4p7ag9395ofmmivy6bswadtc63av]]></nonce_str>
<openid><![CDATA[o357TsppnYTZfWdNzsTefZ7fp0jo]]></openid>
<out_trade_no><![CDATA[182201506200031112rp57]]></out_trade_no>
<result_code><![CDATA[SUCCESS]]></result_code>
<return_code><![CDATA[SUCCESS]]></return_code>
<sign><![CDATA[A44CE14184154DDEB1B7446DAF84D977]]></sign>
<time_end><![CDATA[20150620010515]]></time_end>
<total_fee>1</total_fee>
<trade_type><![CDATA[JSAPI]]></trade_type>
<transaction_id><![CDATA[1009590892201506200274747271]]></transaction_id>
</xml>


执行日期：2015-06-20 01:05:26
【接收到的notify通知】:
<xml><appid><![CDATA[wx9e6dee4ec4a83c16]]></appid>
<attach><![CDATA[http://game.wkj.idea0086.com/pay_updateApi.html?v=v4.1&status=2&oid=182201506200031112&hdid=182&repay=1]]></attach>
<bank_type><![CDATA[CFT]]></bank_type>
<cash_fee><![CDATA[1]]></cash_fee>
<fee_type><![CDATA[CNY]]></fee_type>
<is_subscribe><![CDATA[Y]]></is_subscribe>
<mch_id><![CDATA[1227354202]]></mch_id>
<nonce_str><![CDATA[rela4p7ag9395ofmmivy6bswadtc63av]]></nonce_str>
<openid><![CDATA[o357TsppnYTZfWdNzsTefZ7fp0jo]]></openid>
<out_trade_no><![CDATA[182201506200031112rp57]]></out_trade_no>
<result_code><![CDATA[SUCCESS]]></result_code>
<return_code><![CDATA[SUCCESS]]></return_code>
<sign><![CDATA[A44CE14184154DDEB1B7446DAF84D977]]></sign>
<time_end><![CDATA[20150620010515]]></time_end>
<total_fee>1</total_fee>
<trade_type><![CDATA[JSAPI]]></trade_type>
<transaction_id><![CDATA[1009590892201506200274747271]]></transaction_id>
</xml>


执行日期：2015-06-20 01:05:26
【支付成功】:
<xml><appid><![CDATA[wx9e6dee4ec4a83c16]]></appid>
<attach><![CDATA[http://game.wkj.idea0086.com/pay_updateApi.html?v=v4.1&status=2&oid=182201506200031112&hdid=182&repay=1]]></attach>
<bank_type><![CDATA[CFT]]></bank_type>
<cash_fee><![CDATA[1]]></cash_fee>
<fee_type><![CDATA[CNY]]></fee_type>
<is_subscribe><![CDATA[Y]]></is_subscribe>
<mch_id><![CDATA[1227354202]]></mch_id>
<nonce_str><![CDATA[rela4p7ag9395ofmmivy6bswadtc63av]]></nonce_str>
<openid><![CDATA[o357TsppnYTZfWdNzsTefZ7fp0jo]]></openid>
<out_trade_no><![CDATA[182201506200031112rp57]]></out_trade_no>
<result_code><![CDATA[SUCCESS]]></result_code>
<return_code><![CDATA[SUCCESS]]></return_code>
<sign><![CDATA[A44CE14184154DDEB1B7446DAF84D977]]></sign>
<time_end><![CDATA[20150620010515]]></time_end>
<total_fee>1</total_fee>
<trade_type><![CDATA[JSAPI]]></trade_type>
<transaction_id><![CDATA[1009590892201506200274747271]]></transaction_id>
</xml>


